<?xml version="1.0"?>
<testsuites>
<testsuite name="Root Suite" timestamp="2023-01-18T21:33:49" tests="0" file="cypress\e2e\firstTest.cy.js" time="0.000" failures="0"/>
<testsuite name="Our Login User Suite" timestamp="2023-01-18T21:33:49" tests="1" time="3.360" failures="0">
  
  <testcase name="Our Login User Suite Verify Overlays" time="3.353" classname="Verify Overlays"/>
  
</testsuite>
<testsuite name="Root Suite" timestamp="2023-01-31T14:13:57" tests="0" file="cypress\e2e\firstTest.cy.js" time="0.000" failures="0"/>
<testsuite name="Our Login User Suite" timestamp="2023-01-31T14:13:57" tests="1" time="4.528" failures="0">
  
  <testcase name="Our Login User Suite Verify Overlays" time="4.503" classname="Verify Overlays"/>
  
</testsuite>
<testsuite name="Root Suite" timestamp="2023-01-18T21:33:49" tests="0" file="cypress\e2e\firstTest.cy.js" time="0.000" failures="0"/>
<testsuite name="Our Login User Suite" timestamp="2023-01-18T21:33:49" tests="1" time="3.360" failures="0">
  
  <testcase name="Our Login User Suite Verify Overlays" time="3.353" classname="Verify Overlays"/>
  
</testsuite>
<testsuite name="Root Suite" timestamp="2023-01-31T14:13:57" tests="0" file="cypress\e2e\firstTest.cy.js" time="0.000" failures="0"/>
<testsuite name="Our Login User Suite" timestamp="2023-01-31T14:13:57" tests="1" time="4.528" failures="0">
  
  <testcase name="Our Login User Suite Verify Overlays" time="4.503" classname="Verify Overlays"/>
  
</testsuite>
<testsuite name="Root Suite" timestamp="2023-01-31T14:29:08" tests="0" file="cypress\e2e\firstTest.cy.js" time="0.000" failures="0"/>
<testsuite name="Our Login User Suite" timestamp="2023-01-31T14:29:08" tests="1" time="4.065" failures="0">
  
  <testcase name="Our Login User Suite Verify Overlays" time="4.038" classname="Verify Overlays"/>
  
</testsuite>
<testsuite name="Root Suite" timestamp="2023-01-18T21:33:49" tests="0" file="cypress\e2e\firstTest.cy.js" time="0.000" failures="0"/>
<testsuite name="Our Login User Suite" timestamp="2023-01-18T21:33:49" tests="1" time="3.360" failures="0">
  
  <testcase name="Our Login User Suite Verify Overlays" time="3.353" classname="Verify Overlays"/>
  
</testsuite>
<testsuite name="Root Suite" timestamp="2023-01-31T14:13:57" tests="0" file="cypress\e2e\firstTest.cy.js" time="0.000" failures="0"/>
<testsuite name="Our Login User Suite" timestamp="2023-01-31T14:13:57" tests="1" time="4.528" failures="0">
  
  <testcase name="Our Login User Suite Verify Overlays" time="4.503" classname="Verify Overlays"/>
  
</testsuite>
<testsuite name="Root Suite" timestamp="2023-01-31T14:29:08" tests="0" file="cypress\e2e\firstTest.cy.js" time="0.000" failures="0"/>
<testsuite name="Our Login User Suite" timestamp="2023-01-31T14:29:08" tests="1" time="4.065" failures="0">
  
  <testcase name="Our Login User Suite Verify Overlays" time="4.038" classname="Verify Overlays"/>
  
</testsuite>
<testsuite name="Root Suite" timestamp="2023-01-31T14:30:43" tests="0" file="cypress\e2e\firstTest.cy.js" time="0.000" failures="0"/>
<testsuite name="Our Login User Suite" timestamp="2023-01-31T14:30:43" tests="1" time="4.810" failures="0">
  
  <testcase name="Our Login User Suite Verify Overlays" time="4.732" classname="Verify Overlays"/>
  
</testsuite>
<testsuite name="Root Suite" timestamp="2023-01-18T21:33:49" tests="0" file="cypress\e2e\firstTest.cy.js" time="0.000" failures="0"/>
<testsuite name="Our Login User Suite" timestamp="2023-01-18T21:33:49" tests="1" time="3.360" failures="0">
  
  <testcase name="Our Login User Suite Verify Overlays" time="3.353" classname="Verify Overlays"/>
  
</testsuite>

<testsuite name="Root Suite" timestamp="2023-01-31T14:32:12" tests="0" file="cypress\e2e\firstTest.cy.js" time="0.000" failures="0"></testsuite>
<testsuite name="Our Login User Suite" timestamp="2023-01-31T14:32:12" tests="1" time="12.475" failures="0">
  
  <testcase name="Our Login User Suite Verify Overlays" time="3.968" classname="Verify Overlays"></testcase>
  
</testsuite>

<testsuite name="Root Suite" timestamp="2023-01-31T14:13:57" tests="0" file="cypress\e2e\firstTest.cy.js" time="0.000" failures="0"></testsuite>
<testsuite name="Our Login User Suite" timestamp="2023-01-31T14:13:57" tests="1" time="4.528" failures="0">
  
  <testcase name="Our Login User Suite Verify Overlays" time="4.503" classname="Verify Overlays"></testcase>
  
</testsuite>

<testsuite name="Root Suite" timestamp="2023-01-31T14:29:08" tests="0" file="cypress\e2e\firstTest.cy.js" time="0.000" failures="0"></testsuite>
<testsuite name="Our Login User Suite" timestamp="2023-01-31T14:29:08" tests="1" time="4.065" failures="0">
  
  <testcase name="Our Login User Suite Verify Overlays" time="4.038" classname="Verify Overlays"></testcase>
  
</testsuite>

<testsuite name="Root Suite" timestamp="2023-01-31T14:30:43" tests="0" file="cypress\e2e\firstTest.cy.js" time="0.000" failures="0"></testsuite>
<testsuite name="Our Login User Suite" timestamp="2023-01-31T14:30:43" tests="1" time="4.810" failures="0">
  
  <testcase name="Our Login User Suite Verify Overlays" time="4.732" classname="Verify Overlays"></testcase>
  
</testsuite>

<testsuite name="Root Suite" timestamp="2023-01-18T21:33:49" tests="0" file="cypress\e2e\firstTest.cy.js" time="0.000" failures="0"></testsuite>
<testsuite name="Our Login User Suite" timestamp="2023-01-18T21:33:49" tests="1" time="3.360" failures="0">
  
  <testcase name="Our Login User Suite Verify Overlays" time="3.353" classname="Verify Overlays"></testcase>
  
</testsuite>

</testsuites>