<?xml version="1.0" encoding="UTF-8"?>
<testsuites name="Mocha Tests" time="4.082" tests="1" failures="0">
  <testsuite name="Root Suite" timestamp="2023-01-31T14:29:08" tests="0" file="cypress\e2e\firstTest.cy.js" time="0.000" failures="0">
  </testsuite>
  <testsuite name="Our Login User Suite" timestamp="2023-01-31T14:29:08" tests="1" time="4.065" failures="0">
    <testcase name="Our Login User Suite Verify Overlays" time="4.038" classname="Verify Overlays">
    </testcase>
  </testsuite>
</testsuites>